2024-09-16T10:55:17.967+05:30  INFO 23108 --- [springexam] [main] c.exam.springexam.SpringexamApplication  : Starting SpringexamApplication using Java 22.0.2 with PID 23108 (C:\Users\aaboba\Downloads\Evaluation\springexam\springexam\target\classes started by aaboba in C:\Users\aaboba\Downloads\Evaluation\springexam\springexam)
2024-09-16T10:55:17.967+05:30  INFO 23108 --- [springexam] [main] c.exam.springexam.SpringexamApplication  : No active profile set, falling back to 1 default profile: "default"
2024-09-16T10:55:19.410+05:30  INFO 23108 --- [springexam] [main] .s.d.r.c.RepositoryConfigurationDelegate : Bootstrapping Spring Data JPA repositories in DEFAULT mode.
2024-09-16T10:55:19.504+05:30  INFO 23108 --- [springexam] [main] .s.d.r.c.RepositoryConfigurationDelegate : Finished Spring Data repository scanning in 77 ms. Found 2 JPA repository interfaces.
2024-09-16T10:55:20.528+05:30  INFO 23108 --- [springexam] [main] o.s.b.w.embedded.tomcat.TomcatWebServer  : Tomcat initialized with port 8080 (http)
2024-09-16T10:55:20.559+05:30  INFO 23108 --- [springexam] [main] o.apache.catalina.core.StandardService   : Starting service [Tomcat]
2024-09-16T10:55:20.559+05:30  INFO 23108 --- [springexam] [main] o.apache.catalina.core.StandardEngine    : Starting Servlet engine: [Apache Tomcat/10.1.28]
2024-09-16T10:55:20.653+05:30  INFO 23108 --- [springexam] [main] o.a.c.c.C.[Tomcat].[localhost].[/]       : Initializing Spring embedded WebApplicationContext
2024-09-16T10:55:20.653+05:30  INFO 23108 --- [springexam] [main] w.s.c.ServletWebServerApplicationContext : Root WebApplicationContext: initialization completed in 2591 ms
2024-09-16T10:55:20.723+05:30  INFO 23108 --- [springexam] [main] com.zaxxer.hikari.HikariDataSource       : HikariPool-1 - Starting...
2024-09-16T10:55:20.990+05:30  INFO 23108 --- [springexam] [main] com.zaxxer.hikari.pool.HikariPool        : HikariPool-1 - Added connection conn0: url=jdbc:h2:mem:testdb user=SA
2024-09-16T10:55:20.990+05:30  INFO 23108 --- [springexam] [main] com.zaxxer.hikari.HikariDataSource       : HikariPool-1 - Start completed.
2024-09-16T10:55:21.021+05:30  INFO 23108 --- [springexam] [main] o.s.b.a.h2.H2ConsoleAutoConfiguration    : H2 console available at '/h2-console'. Database available at 'jdbc:h2:mem:testdb'
2024-09-16T10:55:21.386+05:30  INFO 23108 --- [springexam] [main] o.hibernate.jpa.internal.util.LogHelper  : HHH000204: Processing PersistenceUnitInfo [name: default]
2024-09-16T10:55:21.553+05:30  INFO 23108 --- [springexam] [main] org.hibernate.Version                    : HHH000412: Hibernate ORM core version 6.5.2.Final
2024-09-16T10:55:21.613+05:30  INFO 23108 --- [springexam] [main] o.h.c.internal.RegionFactoryInitiator    : HHH000026: Second-level cache disabled
2024-09-16T10:55:22.329+05:30  INFO 23108 --- [springexam] [main] o.s.o.j.p.SpringPersistenceUnitInfo      : No LoadTimeWeaver setup: ignoring JPA class transformer
2024-09-16T10:55:22.422+05:30  WARN 23108 --- [springexam] [main] org.hibernate.orm.deprecation            : HHH90000025: H2Dialect does not need to be specified explicitly using 'hibernate.dialect' (remove the property setting and it will be selected by default)
2024-09-16T10:55:23.413+05:30  INFO 23108 --- [springexam] [main] o.h.m.i.EntityInstantiatorPojoStandard   : HHH000182: No default (no-argument) constructor for class: com.exam.springexam.Entities.InsurancePolicy (class must be instantiated by Interceptor)
2024-09-16T10:55:23.761+05:30  INFO 23108 --- [springexam] [main] o.h.e.t.j.p.i.JtaPlatformInitiator       : HHH000489: No JTA platform available (set 'hibernate.transaction.jta.platform' to enable JTA platform integration)
2024-09-16T10:55:23.840+05:30  INFO 23108 --- [springexam] [main] j.LocalContainerEntityManagerFactoryBean : Initialized JPA EntityManagerFactory for persistence unit 'default'
2024-09-16T10:55:24.257+05:30  WARN 23108 --- [springexam] [main] JpaBaseConfiguration$JpaWebConfiguration : spring.jpa.open-in-view is enabled by default. Therefore, database queries may be performed during view rendering. Explicitly configure spring.jpa.open-in-view to disable this warning
2024-09-16T10:55:25.095+05:30  INFO 23108 --- [springexam] [main] o.s.b.w.embedded.tomcat.TomcatWebServer  : Tomcat started on port 8080 (http) with context path '/'
2024-09-16T10:55:25.111+05:30  INFO 23108 --- [springexam] [main] c.exam.springexam.SpringexamApplication  : Started SpringexamApplication in 7.959 seconds (process running for 9.757)
2024-09-16T10:56:06.145+05:30  INFO 23108 --- [springexam] [http-nio-8080-exec-6] o.a.c.c.C.[Tomcat].[localhost].[/]       : Initializing Spring DispatcherServlet 'dispatcherServlet'
2024-09-16T10:56:06.145+05:30  INFO 23108 --- [springexam] [http-nio-8080-exec-6] o.s.web.servlet.DispatcherServlet        : Initializing Servlet 'dispatcherServlet'
2024-09-16T10:56:06.145+05:30  INFO 23108 --- [springexam] [http-nio-8080-exec-6] o.s.web.servlet.DispatcherServlet        : Completed initialization in 0 ms
2024-09-16T11:02:53.798+05:30  INFO 23108 --- [springexam] [SpringApplicationShutdownHook] j.LocalContainerEntityManagerFactoryBean : Closing JPA EntityManagerFactory for persistence unit 'default'
2024-09-16T11:02:53.814+05:30  INFO 23108 --- [springexam] [SpringApplicationShutdownHook] com.zaxxer.hikari.HikariDataSource       : HikariPool-1 - Shutdown initiated...
2024-09-16T11:02:53.814+05:30  INFO 23108 --- [springexam] [SpringApplicationShutdownHook] com.zaxxer.hikari.HikariDataSource       : HikariPool-1 - Shutdown completed.
2024-09-16T11:02:58.428+05:30  INFO 18664 --- [springexam] [main] c.exam.springexam.SpringexamApplication  : Starting SpringexamApplication using Java 22.0.2 with PID 18664 (C:\Users\aaboba\Downloads\Evaluation\springexam\springexam\target\classes started by aaboba in C:\Users\aaboba\Downloads\Evaluation\springexam\springexam)
2024-09-16T11:02:58.428+05:30  INFO 18664 --- [springexam] [main] c.exam.springexam.SpringexamApplication  : No active profile set, falling back to 1 default profile: "default"
2024-09-16T11:02:59.485+05:30  INFO 18664 --- [springexam] [main] .s.d.r.c.RepositoryConfigurationDelegate : Bootstrapping Spring Data JPA repositories in DEFAULT mode.
2024-09-16T11:02:59.577+05:30  INFO 18664 --- [springexam] [main] .s.d.r.c.RepositoryConfigurationDelegate : Finished Spring Data repository scanning in 83 ms. Found 2 JPA repository interfaces.
2024-09-16T11:03:00.475+05:30  INFO 18664 --- [springexam] [main] o.s.b.w.embedded.tomcat.TomcatWebServer  : Tomcat initialized with port 8080 (http)
2024-09-16T11:03:00.506+05:30  INFO 18664 --- [springexam] [main] o.apache.catalina.core.StandardService   : Starting service [Tomcat]
2024-09-16T11:03:00.506+05:30  INFO 18664 --- [springexam] [main] o.apache.catalina.core.StandardEngine    : Starting Servlet engine: [Apache Tomcat/10.1.28]
2024-09-16T11:03:00.617+05:30  INFO 18664 --- [springexam] [main] o.a.c.c.C.[Tomcat].[localhost].[/]       : Initializing Spring embedded WebApplicationContext
2024-09-16T11:03:00.617+05:30  INFO 18664 --- [springexam] [main] w.s.c.ServletWebServerApplicationContext : Root WebApplicationContext: initialization completed in 2114 ms
2024-09-16T11:03:00.667+05:30  INFO 18664 --- [springexam] [main] com.zaxxer.hikari.HikariDataSource       : HikariPool-1 - Starting...
2024-09-16T11:03:00.947+05:30  INFO 18664 --- [springexam] [main] com.zaxxer.hikari.pool.HikariPool        : HikariPool-1 - Added connection conn0: url=jdbc:h2:mem:testdb user=SA
2024-09-16T11:03:00.947+05:30  INFO 18664 --- [springexam] [main] com.zaxxer.hikari.HikariDataSource       : HikariPool-1 - Start completed.
2024-09-16T11:03:00.968+05:30  INFO 18664 --- [springexam] [main] o.s.b.a.h2.H2ConsoleAutoConfiguration    : H2 console available at '/h2-console'. Database available at 'jdbc:h2:mem:testdb'
2024-09-16T11:03:01.247+05:30  INFO 18664 --- [springexam] [main] o.hibernate.jpa.internal.util.LogHelper  : HHH000204: Processing PersistenceUnitInfo [name: default]
2024-09-16T11:03:01.359+05:30  INFO 18664 --- [springexam] [main] org.hibernate.Version                    : HHH000412: Hibernate ORM core version 6.5.2.Final
2024-09-16T11:03:01.406+05:30  INFO 18664 --- [springexam] [main] o.h.c.internal.RegionFactoryInitiator    : HHH000026: Second-level cache disabled
2024-09-16T11:03:01.908+05:30  INFO 18664 --- [springexam] [main] o.s.o.j.p.SpringPersistenceUnitInfo      : No LoadTimeWeaver setup: ignoring JPA class transformer
2024-09-16T11:03:01.986+05:30  WARN 18664 --- [springexam] [main] org.hibernate.orm.deprecation            : HHH90000025: H2Dialect does not need to be specified explicitly using 'hibernate.dialect' (remove the property setting and it will be selected by default)
2024-09-16T11:03:02.970+05:30  INFO 18664 --- [springexam] [main] o.h.m.i.EntityInstantiatorPojoStandard   : HHH000182: No default (no-argument) constructor for class: com.exam.springexam.Entities.InsurancePolicy (class must be instantiated by Interceptor)
2024-09-16T11:03:03.282+05:30  INFO 18664 --- [springexam] [main] o.h.e.t.j.p.i.JtaPlatformInitiator       : HHH000489: No JTA platform available (set 'hibernate.transaction.jta.platform' to enable JTA platform integration)
2024-09-16T11:03:03.361+05:30  INFO 18664 --- [springexam] [main] j.LocalContainerEntityManagerFactoryBean : Initialized JPA EntityManagerFactory for persistence unit 'default'
2024-09-16T11:03:03.772+05:30  WARN 18664 --- [springexam] [main] JpaBaseConfiguration$JpaWebConfiguration : spring.jpa.open-in-view is enabled by default. Therefore, database queries may be performed during view rendering. Explicitly configure spring.jpa.open-in-view to disable this warning
2024-09-16T11:03:04.400+05:30  INFO 18664 --- [springexam] [main] o.s.b.w.embedded.tomcat.TomcatWebServer  : Tomcat started on port 8080 (http) with context path '/'
2024-09-16T11:03:04.410+05:30  INFO 18664 --- [springexam] [main] c.exam.springexam.SpringexamApplication  : Started SpringexamApplication in 6.812 seconds (process running for 7.39)
2024-09-16T11:03:07.873+05:30  INFO 18664 --- [springexam] [http-nio-8080-exec-1] o.a.c.c.C.[Tomcat].[localhost].[/]       : Initializing Spring DispatcherServlet 'dispatcherServlet'
2024-09-16T11:03:07.873+05:30  INFO 18664 --- [springexam] [http-nio-8080-exec-1] o.s.web.servlet.DispatcherServlet        : Initializing Servlet 'dispatcherServlet'
2024-09-16T11:03:07.873+05:30  INFO 18664 --- [springexam] [http-nio-8080-exec-1] o.s.web.servlet.DispatcherServlet        : Completed initialization in 0 ms
2024-09-16T11:06:17.383+05:30  INFO 18664 --- [springexam] [SpringApplicationShutdownHook] j.LocalContainerEntityManagerFactoryBean : Closing JPA EntityManagerFactory for persistence unit 'default'
2024-09-16T11:06:17.399+05:30  INFO 18664 --- [springexam] [SpringApplicationShutdownHook] com.zaxxer.hikari.HikariDataSource       : HikariPool-1 - Shutdown initiated...
2024-09-16T11:06:17.399+05:30  INFO 18664 --- [springexam] [SpringApplicationShutdownHook] com.zaxxer.hikari.HikariDataSource       : HikariPool-1 - Shutdown completed.
2024-09-16T11:06:26.905+05:30  INFO 28560 --- [springexam] [main] c.exam.springexam.SpringexamApplication  : Starting SpringexamApplication using Java 22.0.2 with PID 28560 (C:\Users\aaboba\Downloads\Evaluation\springexam\springexam\target\classes started by aaboba in C:\Users\aaboba\Downloads\Evaluation\springexam\springexam)
2024-09-16T11:06:26.905+05:30  INFO 28560 --- [springexam] [main] c.exam.springexam.SpringexamApplication  : No active profile set, falling back to 1 default profile: "default"
2024-09-16T11:06:28.136+05:30  INFO 28560 --- [springexam] [main] .s.d.r.c.RepositoryConfigurationDelegate : Bootstrapping Spring Data JPA repositories in DEFAULT mode.
2024-09-16T11:06:28.225+05:30  INFO 28560 --- [springexam] [main] .s.d.r.c.RepositoryConfigurationDelegate : Finished Spring Data repository scanning in 73 ms. Found 2 JPA repository interfaces.
2024-09-16T11:06:29.280+05:30  INFO 28560 --- [springexam] [main] o.s.b.w.embedded.tomcat.TomcatWebServer  : Tomcat initialized with port 8080 (http)
2024-09-16T11:06:29.328+05:30  INFO 28560 --- [springexam] [main] o.apache.catalina.core.StandardService   : Starting service [Tomcat]
2024-09-16T11:06:29.328+05:30  INFO 28560 --- [springexam] [main] o.apache.catalina.core.StandardEngine    : Starting Servlet engine: [Apache Tomcat/10.1.28]
2024-09-16T11:06:29.458+05:30  INFO 28560 --- [springexam] [main] o.a.c.c.C.[Tomcat].[localhost].[/]       : Initializing Spring embedded WebApplicationContext
2024-09-16T11:06:29.458+05:30  INFO 28560 --- [springexam] [main] w.s.c.ServletWebServerApplicationContext : Root WebApplicationContext: initialization completed in 2415 ms
2024-09-16T11:06:29.523+05:30  INFO 28560 --- [springexam] [main] com.zaxxer.hikari.HikariDataSource       : HikariPool-1 - Starting...
2024-09-16T11:06:29.825+05:30  INFO 28560 --- [springexam] [main] com.zaxxer.hikari.pool.HikariPool        : HikariPool-1 - Added connection conn0: url=jdbc:h2:mem:testdb user=SA
2024-09-16T11:06:29.832+05:30  INFO 28560 --- [springexam] [main] com.zaxxer.hikari.HikariDataSource       : HikariPool-1 - Start completed.
2024-09-16T11:06:29.841+05:30  INFO 28560 --- [springexam] [main] o.s.b.a.h2.H2ConsoleAutoConfiguration    : H2 console available at '/h2-console'. Database available at 'jdbc:h2:mem:testdb'
2024-09-16T11:06:30.193+05:30  INFO 28560 --- [springexam] [main] o.hibernate.jpa.internal.util.LogHelper  : HHH000204: Processing PersistenceUnitInfo [name: default]
2024-09-16T11:06:30.346+05:30  INFO 28560 --- [springexam] [main] org.hibernate.Version                    : HHH000412: Hibernate ORM core version 6.5.2.Final
2024-09-16T11:06:30.393+05:30  INFO 28560 --- [springexam] [main] o.h.c.internal.RegionFactoryInitiator    : HHH000026: Second-level cache disabled
2024-09-16T11:06:30.890+05:30  INFO 28560 --- [springexam] [main] o.s.o.j.p.SpringPersistenceUnitInfo      : No LoadTimeWeaver setup: ignoring JPA class transformer
2024-09-16T11:06:30.947+05:30  WARN 28560 --- [springexam] [main] org.hibernate.orm.deprecation            : HHH90000025: H2Dialect does not need to be specified explicitly using 'hibernate.dialect' (remove the property setting and it will be selected by default)
2024-09-16T11:06:31.850+05:30  INFO 28560 --- [springexam] [main] o.h.m.i.EntityInstantiatorPojoStandard   : HHH000182: No default (no-argument) constructor for class: com.exam.springexam.Entities.InsurancePolicy (class must be instantiated by Interceptor)
2024-09-16T11:06:32.174+05:30  INFO 28560 --- [springexam] [main] o.h.e.t.j.p.i.JtaPlatformInitiator       : HHH000489: No JTA platform available (set 'hibernate.transaction.jta.platform' to enable JTA platform integration)
2024-09-16T11:06:32.254+05:30  INFO 28560 --- [springexam] [main] j.LocalContainerEntityManagerFactoryBean : Initialized JPA EntityManagerFactory for persistence unit 'default'
2024-09-16T11:06:32.740+05:30  WARN 28560 --- [springexam] [main] JpaBaseConfiguration$JpaWebConfiguration : spring.jpa.open-in-view is enabled by default. Therefore, database queries may be performed during view rendering. Explicitly configure spring.jpa.open-in-view to disable this warning
2024-09-16T11:06:33.686+05:30  INFO 28560 --- [springexam] [main] o.s.b.w.embedded.tomcat.TomcatWebServer  : Tomcat started on port 8080 (http) with context path '/'
2024-09-16T11:06:33.704+05:30  INFO 28560 --- [springexam] [main] c.exam.springexam.SpringexamApplication  : Started SpringexamApplication in 7.73 seconds (process running for 8.98)
2024-09-16T11:06:36.589+05:30  INFO 28560 --- [springexam] [http-nio-8080-exec-2] o.a.c.c.C.[Tomcat].[localhost].[/]       : Initializing Spring DispatcherServlet 'dispatcherServlet'
2024-09-16T11:06:36.589+05:30  INFO 28560 --- [springexam] [http-nio-8080-exec-2] o.s.web.servlet.DispatcherServlet        : Initializing Servlet 'dispatcherServlet'
2024-09-16T11:06:36.589+05:30  INFO 28560 --- [springexam] [http-nio-8080-exec-2] o.s.web.servlet.DispatcherServlet        : Completed initialization in 0 ms
2024-09-16T11:06:36.760+05:30  INFO 28560 --- [springexam] [http-nio-8080-exec-2] c.e.s.Services.InsuranceService          : Creating new policy: Basic Health Insurance
2024-09-16T11:07:40.706+05:30  WARN 28560 --- [springexam] [http-nio-8080-exec-5] .w.s.m.s.DefaultHandlerExceptionResolver : Resolved [org.springframework.web.bind.MissingServletRequestParameterException: Required request parameter 'medicalHistory' for method parameter type String is not present]
2024-09-16T11:09:06.186+05:30  WARN 28560 --- [springexam] [http-nio-8080-exec-7] .w.s.m.s.DefaultHandlerExceptionResolver : Resolved [org.springframework.web.bind.MissingServletRequestParameterException: Required request parameter 'medicalHistory' for method parameter type String is not present]
2024-09-16T11:20:45.662+05:30  INFO 28560 --- [springexam] [SpringApplicationShutdownHook] j.LocalContainerEntityManagerFactoryBean : Closing JPA EntityManagerFactory for persistence unit 'default'
2024-09-16T11:20:45.670+05:30  INFO 28560 --- [springexam] [SpringApplicationShutdownHook] com.zaxxer.hikari.HikariDataSource       : HikariPool-1 - Shutdown initiated...
2024-09-16T11:20:45.670+05:30  INFO 28560 --- [springexam] [SpringApplicationShutdownHook] com.zaxxer.hikari.HikariDataSource       : HikariPool-1 - Shutdown completed.
2024-09-16T11:20:57.617+05:30  INFO 31516 --- [springexam] [main] c.exam.springexam.SpringexamApplication  : Starting SpringexamApplication using Java 22.0.2 with PID 31516 (C:\Users\aaboba\Downloads\Evaluation\springexam\springexam\target\classes started by aaboba in C:\Users\aaboba\Downloads\Evaluation\springexam\springexam)
2024-09-16T11:20:57.617+05:30  INFO 31516 --- [springexam] [main] c.exam.springexam.SpringexamApplication  : No active profile set, falling back to 1 default profile: "default"
2024-09-16T11:20:58.991+05:30  INFO 31516 --- [springexam] [main] .s.d.r.c.RepositoryConfigurationDelegate : Bootstrapping Spring Data JPA repositories in DEFAULT mode.
2024-09-16T11:20:59.080+05:30  INFO 31516 --- [springexam] [main] .s.d.r.c.RepositoryConfigurationDelegate : Finished Spring Data repository scanning in 75 ms. Found 2 JPA repository interfaces.
2024-09-16T11:21:00.309+05:30  INFO 31516 --- [springexam] [main] o.s.b.w.embedded.tomcat.TomcatWebServer  : Tomcat initialized with port 8080 (http)
2024-09-16T11:21:00.333+05:30  INFO 31516 --- [springexam] [main] o.apache.catalina.core.StandardService   : Starting service [Tomcat]
2024-09-16T11:21:00.333+05:30  INFO 31516 --- [springexam] [main] o.apache.catalina.core.StandardEngine    : Starting Servlet engine: [Apache Tomcat/10.1.28]
2024-09-16T11:21:00.457+05:30  INFO 31516 --- [springexam] [main] o.a.c.c.C.[Tomcat].[localhost].[/]       : Initializing Spring embedded WebApplicationContext
2024-09-16T11:21:00.457+05:30  INFO 31516 --- [springexam] [main] w.s.c.ServletWebServerApplicationContext : Root WebApplicationContext: initialization completed in 2674 ms
2024-09-16T11:21:00.528+05:30  INFO 31516 --- [springexam] [main] com.zaxxer.hikari.HikariDataSource       : HikariPool-1 - Starting...
2024-09-16T11:21:00.836+05:30  INFO 31516 --- [springexam] [main] com.zaxxer.hikari.pool.HikariPool        : HikariPool-1 - Added connection conn0: url=jdbc:h2:mem:testdb user=SA
2024-09-16T11:21:00.845+05:30  INFO 31516 --- [springexam] [main] com.zaxxer.hikari.HikariDataSource       : HikariPool-1 - Start completed.
2024-09-16T11:21:00.861+05:30  INFO 31516 --- [springexam] [main] o.s.b.a.h2.H2ConsoleAutoConfiguration    : H2 console available at '/h2-console'. Database available at 'jdbc:h2:mem:testdb'
2024-09-16T11:21:01.108+05:30  INFO 31516 --- [springexam] [main] o.hibernate.jpa.internal.util.LogHelper  : HHH000204: Processing PersistenceUnitInfo [name: default]
2024-09-16T11:21:01.210+05:30  INFO 31516 --- [springexam] [main] org.hibernate.Version                    : HHH000412: Hibernate ORM core version 6.5.2.Final
2024-09-16T11:21:01.259+05:30  INFO 31516 --- [springexam] [main] o.h.c.internal.RegionFactoryInitiator    : HHH000026: Second-level cache disabled
2024-09-16T11:21:01.812+05:30  INFO 31516 --- [springexam] [main] o.s.o.j.p.SpringPersistenceUnitInfo      : No LoadTimeWeaver setup: ignoring JPA class transformer
2024-09-16T11:21:01.895+05:30  WARN 31516 --- [springexam] [main] org.hibernate.orm.deprecation            : HHH90000025: H2Dialect does not need to be specified explicitly using 'hibernate.dialect' (remove the property setting and it will be selected by default)
2024-09-16T11:21:02.722+05:30  INFO 31516 --- [springexam] [main] o.h.m.i.EntityInstantiatorPojoStandard   : HHH000182: No default (no-argument) constructor for class: com.exam.springexam.Entities.InsurancePolicy (class must be instantiated by Interceptor)
2024-09-16T11:21:03.073+05:30  INFO 31516 --- [springexam] [main] o.h.e.t.j.p.i.JtaPlatformInitiator       : HHH000489: No JTA platform available (set 'hibernate.transaction.jta.platform' to enable JTA platform integration)
2024-09-16T11:21:03.139+05:30  INFO 31516 --- [springexam] [main] j.LocalContainerEntityManagerFactoryBean : Initialized JPA EntityManagerFactory for persistence unit 'default'
2024-09-16T11:21:03.699+05:30  WARN 31516 --- [springexam] [main] JpaBaseConfiguration$JpaWebConfiguration : spring.jpa.open-in-view is enabled by default. Therefore, database queries may be performed during view rendering. Explicitly configure spring.jpa.open-in-view to disable this warning
2024-09-16T11:21:04.513+05:30  INFO 31516 --- [springexam] [main] o.s.b.w.embedded.tomcat.TomcatWebServer  : Tomcat started on port 8080 (http) with context path '/'
2024-09-16T11:21:04.537+05:30  INFO 31516 --- [springexam] [main] c.exam.springexam.SpringexamApplication  : Started SpringexamApplication in 7.823 seconds (process running for 9.189)
2024-09-16T11:21:30.759+05:30  INFO 31516 --- [springexam] [http-nio-8080-exec-1] o.a.c.c.C.[Tomcat].[localhost].[/]       : Initializing Spring DispatcherServlet 'dispatcherServlet'
2024-09-16T11:21:30.759+05:30  INFO 31516 --- [springexam] [http-nio-8080-exec-1] o.s.web.servlet.DispatcherServlet        : Initializing Servlet 'dispatcherServlet'
2024-09-16T11:21:30.767+05:30  INFO 31516 --- [springexam] [http-nio-8080-exec-1] o.s.web.servlet.DispatcherServlet        : Completed initialization in 0 ms
2024-09-16T11:21:31.035+05:30  INFO 31516 --- [springexam] [http-nio-8080-exec-1] c.e.s.Services.InsuranceService          : Attempting to create new user: John Doe
2024-09-16T11:21:31.043+05:30  INFO 31516 --- [springexam] [http-nio-8080-exec-1] c.e.s.Services.InsuranceService          : Insurance application validated successfully for user: John Doe
2024-09-16T11:21:31.043+05:30  INFO 31516 --- [springexam] [http-nio-8080-exec-1] c.e.s.Services.InsuranceService          : User validated. Creating new user: John Doe
2024-09-16T11:21:45.306+05:30  INFO 31516 --- [springexam] [http-nio-8080-exec-3] c.e.s.Services.InsuranceService          : Attempting to create new user: John Doe
2024-09-16T11:21:45.307+05:30  WARN 31516 --- [springexam] [http-nio-8080-exec-3] c.e.s.Services.InsuranceService          : Insurance application rejected for user John Doe due to condition: Heart
2024-09-16T11:21:58.783+05:30  INFO 31516 --- [springexam] [http-nio-8080-exec-4] c.e.s.Services.InsuranceService          : Attempting to create new user: John Doe
2024-09-16T11:21:58.783+05:30  WARN 31516 --- [springexam] [http-nio-8080-exec-4] c.e.s.Services.InsuranceService          : Insurance application rejected for user John Doe due to condition: kidney
2024-09-16T11:27:03.752+05:30  INFO 31516 --- [springexam] [http-nio-8080-exec-8] c.e.s.Services.InsuranceService          : Attempting to create new user: John Doe
2024-09-16T11:27:03.752+05:30  INFO 31516 --- [springexam] [http-nio-8080-exec-8] c.e.s.Services.InsuranceService          : Insurance application validated successfully for user: John Doe
2024-09-16T11:27:03.752+05:30  INFO 31516 --- [springexam] [http-nio-8080-exec-8] c.e.s.Services.InsuranceService          : User validated. Creating new user: John Doe
2024-09-16T11:28:35.266+05:30  INFO 31516 --- [springexam] [http-nio-8080-exec-10] c.e.s.Services.InsuranceService          : Attempting to create new user: John Doe
2024-09-16T11:28:35.266+05:30  WARN 31516 --- [springexam] [http-nio-8080-exec-10] c.e.s.Services.InsuranceService          : Insurance application rejected for user John Doe due to condition: Heart
2024-09-16T11:28:40.326+05:30  INFO 31516 --- [springexam] [http-nio-8080-exec-8] c.e.s.Services.InsuranceService          : Attempting to create new user: John Doe
2024-09-16T11:28:40.326+05:30  INFO 31516 --- [springexam] [http-nio-8080-exec-8] c.e.s.Services.InsuranceService          : Insurance application validated successfully for user: John Doe
2024-09-16T11:28:40.326+05:30  INFO 31516 --- [springexam] [http-nio-8080-exec-8] c.e.s.Services.InsuranceService          : User validated. Creating new user: John Doe
2024-09-16T12:01:47.976+05:30  WARN 31516 --- [springexam] [HikariPool-1 housekeeper] com.zaxxer.hikari.pool.HikariPool        : HikariPool-1 - Thread starvation or clock leap detected (housekeeper delta=33m16s888ms156µs100ns).
2024-09-16T12:02:21.784+05:30  INFO 31516 --- [springexam] [SpringApplicationShutdownHook] j.LocalContainerEntityManagerFactoryBean : Closing JPA EntityManagerFactory for persistence unit 'default'
2024-09-16T12:02:21.800+05:30  INFO 31516 --- [springexam] [SpringApplicationShutdownHook] com.zaxxer.hikari.HikariDataSource       : HikariPool-1 - Shutdown initiated...
2024-09-16T12:02:21.815+05:30  INFO 31516 --- [springexam] [SpringApplicationShutdownHook] com.zaxxer.hikari.HikariDataSource       : HikariPool-1 - Shutdown completed.
